2025-12-04 17:59:09,785 [INFO] Starting Trading Bot...
2025-12-04 17:59:09,786 [INFO] Exchange: binance
2025-12-04 17:59:09,786 [INFO] Mode: SANDBOX
2025-12-04 17:59:09,815 [INFO] Components initialized successfully.
2025-12-04 17:59:09,815 [INFO] Checking market...
2025-12-04 17:59:20,928 [ERROR] Error fetching data: binance GET https://testnet.binance.vision/api/v3/exchangeInfo
2025-12-04 17:59:20,971 [WARNING] No data fetched. Retrying...
2025-12-04 17:59:30,972 [INFO] Checking market...
2025-12-04 17:59:42,049 [ERROR] Error fetching data: binance GET https://testnet.binance.vision/api/v3/exchangeInfo
2025-12-04 17:59:42,051 [WARNING] No data fetched. Retrying...
2025-12-04 17:59:52,052 [INFO] Checking market...
2025-12-04 18:00:03,107 [ERROR] Error fetching data: binance GET https://testnet.binance.vision/api/v3/exchangeInfo
2025-12-04 18:00:03,109 [WARNING] No data fetched. Retrying...
2025-12-04 18:00:13,110 [INFO] Checking market...
2025-12-04 18:00:24,221 [ERROR] Error fetching data: binance GET https://testnet.binance.vision/api/v3/exchangeInfo
2025-12-04 18:00:24,222 [WARNING] No data fetched. Retrying...
2025-12-04 18:00:34,223 [INFO] Checking market...
2025-12-04 18:00:45,293 [ERROR] Error fetching data: binance GET https://testnet.binance.vision/api/v3/exchangeInfo
2025-12-04 18:00:45,294 [WARNING] No data fetched. Retrying...
2025-12-04 18:00:55,295 [INFO] Checking market...
2025-12-04 18:01:06,370 [ERROR] Error fetching data: binance GET https://testnet.binance.vision/api/v3/exchangeInfo
2025-12-04 18:01:06,371 [WARNING] No data fetched. Retrying...
2025-12-04 18:01:16,373 [INFO] Checking market...
2025-12-04 18:01:27,446 [ERROR] Error fetching data: binance GET https://testnet.binance.vision/api/v3/exchangeInfo
2025-12-04 18:01:27,448 [WARNING] No data fetched. Retrying...
2025-12-04 18:01:37,448 [INFO] Checking market...
2025-12-04 18:01:48,501 [ERROR] Error fetching data: binance GET https://testnet.binance.vision/api/v3/exchangeInfo
2025-12-04 18:01:48,503 [WARNING] No data fetched. Retrying...
2025-12-04 18:01:58,503 [INFO] Checking market...
2025-12-04 18:02:09,567 [ERROR] Error fetching data: binance GET https://testnet.binance.vision/api/v3/exchangeInfo
2025-12-04 18:02:09,569 [WARNING] No data fetched. Retrying...
2025-12-04 18:02:19,569 [INFO] Checking market...
2025-12-04 18:02:30,650 [ERROR] Error fetching data: binance GET https://testnet.binance.vision/api/v3/exchangeInfo
2025-12-04 18:02:30,651 [WARNING] No data fetched. Retrying...
2025-12-04 18:02:40,652 [INFO] Checking market...
2025-12-04 18:02:51,749 [ERROR] Error fetching data: binance GET https://testnet.binance.vision/api/v3/exchangeInfo
2025-12-04 18:02:51,750 [WARNING] No data fetched. Retrying...
2025-12-04 18:03:01,751 [INFO] Checking market...
2025-12-04 18:03:12,817 [ERROR] Error fetching data: binance GET https://testnet.binance.vision/api/v3/exchangeInfo
2025-12-04 18:03:12,818 [WARNING] No data fetched. Retrying...
2025-12-04 18:03:22,818 [INFO] Checking market...
2025-12-04 18:03:33,885 [ERROR] Error fetching data: binance GET https://testnet.binance.vision/api/v3/exchangeInfo
2025-12-04 18:03:33,886 [WARNING] No data fetched. Retrying...
2025-12-04 18:03:43,887 [INFO] Checking market...
2025-12-04 18:03:54,978 [ERROR] Error fetching data: binance GET https://testnet.binance.vision/api/v3/exchangeInfo
2025-12-04 18:03:54,980 [WARNING] No data fetched. Retrying...
2025-12-04 18:04:04,981 [INFO] Checking market...
2025-12-04 18:04:16,048 [ERROR] Error fetching data: binance GET https://testnet.binance.vision/api/v3/exchangeInfo
2025-12-04 18:04:16,049 [WARNING] No data fetched. Retrying...
2025-12-04 18:04:26,050 [INFO] Checking market...
2025-12-04 18:04:37,147 [ERROR] Error fetching data: binance GET https://testnet.binance.vision/api/v3/exchangeInfo
2025-12-04 18:04:37,149 [WARNING] No data fetched. Retrying...
2025-12-04 18:04:47,150 [INFO] Checking market...
2025-12-04 18:04:58,211 [ERROR] Error fetching data: binance GET https://testnet.binance.vision/api/v3/exchangeInfo
2025-12-04 18:04:58,213 [WARNING] No data fetched. Retrying...
2025-12-04 18:05:08,214 [INFO] Checking market...
2025-12-04 18:05:19,307 [ERROR] Error fetching data: binance GET https://testnet.binance.vision/api/v3/exchangeInfo
2025-12-04 18:05:19,308 [WARNING] No data fetched. Retrying...
2025-12-04 18:05:29,309 [INFO] Checking market...
2025-12-04 18:05:40,375 [ERROR] Error fetching data: binance GET https://testnet.binance.vision/api/v3/exchangeInfo
2025-12-04 18:05:40,376 [WARNING] No data fetched. Retrying...
2025-12-04 18:05:50,377 [INFO] Checking market...
2025-12-04 18:06:01,457 [ERROR] Error fetching data: binance GET https://testnet.binance.vision/api/v3/exchangeInfo
2025-12-04 18:06:01,459 [WARNING] No data fetched. Retrying...
2025-12-04 18:06:11,460 [INFO] Checking market...
2025-12-04 18:06:22,555 [ERROR] Error fetching data: binance GET https://testnet.binance.vision/api/v3/exchangeInfo
2025-12-04 18:06:22,556 [WARNING] No data fetched. Retrying...
2025-12-04 18:06:32,557 [INFO] Checking market...
2025-12-04 18:06:43,622 [ERROR] Error fetching data: binance GET https://testnet.binance.vision/api/v3/exchangeInfo
2025-12-04 18:06:43,623 [WARNING] No data fetched. Retrying...
2025-12-04 18:06:53,624 [INFO] Checking market...
2025-12-04 18:07:04,703 [ERROR] Error fetching data: binance GET https://testnet.binance.vision/api/v3/exchangeInfo
2025-12-04 18:07:04,705 [WARNING] No data fetched. Retrying...
2025-12-04 18:07:14,705 [INFO] Checking market...
2025-12-04 18:07:25,786 [ERROR] Error fetching data: binance GET https://testnet.binance.vision/api/v3/exchangeInfo
2025-12-04 18:07:25,787 [WARNING] No data fetched. Retrying...
2025-12-04 18:07:35,789 [INFO] Checking market...
2025-12-04 18:07:46,903 [ERROR] Error fetching data: binance GET https://testnet.binance.vision/api/v3/exchangeInfo
2025-12-04 18:07:46,904 [WARNING] No data fetched. Retrying...
2025-12-04 18:07:56,905 [INFO] Checking market...
2025-12-04 18:08:07,937 [ERROR] Error fetching data: binance GET https://testnet.binance.vision/api/v3/exchangeInfo
2025-12-04 18:08:07,938 [WARNING] No data fetched. Retrying...
2025-12-04 18:08:17,939 [INFO] Checking market...
2025-12-04 18:08:29,034 [ERROR] Error fetching data: binance GET https://testnet.binance.vision/api/v3/exchangeInfo
2025-12-04 18:08:29,035 [WARNING] No data fetched. Retrying...
2025-12-04 18:08:39,036 [INFO] Checking market...
2025-12-04 18:08:50,133 [ERROR] Error fetching data: binance GET https://testnet.binance.vision/api/v3/exchangeInfo
2025-12-04 18:08:50,134 [WARNING] No data fetched. Retrying...
2025-12-04 18:09:00,135 [INFO] Checking market...
2025-12-04 18:09:11,182 [ERROR] Error fetching data: binance GET https://testnet.binance.vision/api/v3/exchangeInfo
2025-12-04 18:09:11,183 [WARNING] No data fetched. Retrying...
2025-12-04 18:09:21,184 [INFO] Checking market...
2025-12-04 18:09:32,315 [ERROR] Error fetching data: binance GET https://testnet.binance.vision/api/v3/exchangeInfo
2025-12-04 18:09:32,316 [WARNING] No data fetched. Retrying...
2025-12-04 18:09:42,317 [INFO] Checking market...
2025-12-04 18:09:53,415 [ERROR] Error fetching data: binance GET https://testnet.binance.vision/api/v3/exchangeInfo
2025-12-04 18:09:53,416 [WARNING] No data fetched. Retrying...
2025-12-04 18:10:03,417 [INFO] Checking market...
2025-12-04 18:10:14,495 [ERROR] Error fetching data: binance GET https://testnet.binance.vision/api/v3/exchangeInfo
2025-12-04 18:10:14,496 [WARNING] No data fetched. Retrying...
2025-12-04 18:10:24,497 [INFO] Checking market...
2025-12-04 18:10:35,570 [ERROR] Error fetching data: binance GET https://testnet.binance.vision/api/v3/exchangeInfo
2025-12-04 18:10:35,571 [WARNING] No data fetched. Retrying...
2025-12-04 18:10:45,571 [INFO] Checking market...
2025-12-04 18:10:56,647 [ERROR] Error fetching data: binance GET https://testnet.binance.vision/api/v3/exchangeInfo
2025-12-04 18:10:56,649 [WARNING] No data fetched. Retrying...
2025-12-04 18:11:06,649 [INFO] Checking market...
2025-12-04 18:11:17,713 [ERROR] Error fetching data: binance GET https://testnet.binance.vision/api/v3/exchangeInfo
2025-12-04 18:11:17,715 [WARNING] No data fetched. Retrying...
2025-12-04 18:11:27,716 [INFO] Checking market...
2025-12-04 18:11:38,805 [ERROR] Error fetching data: binance GET https://testnet.binance.vision/api/v3/exchangeInfo
2025-12-04 18:11:38,807 [WARNING] No data fetched. Retrying...
2025-12-04 18:11:48,807 [INFO] Checking market...
2025-12-04 18:11:59,917 [ERROR] Error fetching data: binance GET https://testnet.binance.vision/api/v3/exchangeInfo
2025-12-04 18:11:59,918 [WARNING] No data fetched. Retrying...
2025-12-04 18:12:09,920 [INFO] Checking market...
2025-12-04 18:12:20,993 [ERROR] Error fetching data: binance GET https://testnet.binance.vision/api/v3/exchangeInfo
2025-12-04 18:12:20,994 [WARNING] No data fetched. Retrying...
2025-12-04 18:12:30,995 [INFO] Checking market...
2025-12-04 18:12:42,073 [ERROR] Error fetching data: binance GET https://testnet.binance.vision/api/v3/exchangeInfo
2025-12-04 18:12:42,074 [WARNING] No data fetched. Retrying...
2025-12-04 18:12:52,075 [INFO] Checking market...
2025-12-04 18:13:03,138 [ERROR] Error fetching data: binance GET https://testnet.binance.vision/api/v3/exchangeInfo
2025-12-04 18:13:03,139 [WARNING] No data fetched. Retrying...
2025-12-04 18:13:13,140 [INFO] Checking market...
2025-12-04 18:13:24,204 [ERROR] Error fetching data: binance GET https://testnet.binance.vision/api/v3/exchangeInfo
2025-12-04 18:13:24,205 [WARNING] No data fetched. Retrying...
2025-12-04 18:13:34,205 [INFO] Checking market...
2025-12-04 18:13:45,301 [ERROR] Error fetching data: binance GET https://testnet.binance.vision/api/v3/exchangeInfo
2025-12-04 18:13:45,303 [WARNING] No data fetched. Retrying...
2025-12-04 18:13:55,303 [INFO] Checking market...
2025-12-04 18:14:06,384 [ERROR] Error fetching data: binance GET https://testnet.binance.vision/api/v3/exchangeInfo
2025-12-04 18:14:06,387 [WARNING] No data fetched. Retrying...
2025-12-04 18:14:16,388 [INFO] Checking market...
2025-12-04 18:14:27,487 [ERROR] Error fetching data: binance GET https://testnet.binance.vision/api/v3/exchangeInfo
2025-12-04 18:14:27,488 [WARNING] No data fetched. Retrying...
2025-12-04 18:14:37,489 [INFO] Checking market...
2025-12-04 18:14:48,598 [ERROR] Error fetching data: binance GET https://testnet.binance.vision/api/v3/exchangeInfo
2025-12-04 18:14:48,599 [WARNING] No data fetched. Retrying...
2025-12-04 18:14:58,600 [INFO] Checking market...
2025-12-04 18:15:09,681 [ERROR] Error fetching data: binance GET https://testnet.binance.vision/api/v3/exchangeInfo
2025-12-04 18:15:09,683 [WARNING] No data fetched. Retrying...
2025-12-04 18:15:19,683 [INFO] Checking market...
2025-12-04 18:15:30,800 [ERROR] Error fetching data: binance GET https://testnet.binance.vision/api/v3/exchangeInfo
2025-12-04 18:15:30,800 [WARNING] No data fetched. Retrying...
2025-12-04 18:15:40,801 [INFO] Checking market...
2025-12-04 18:15:51,910 [ERROR] Error fetching data: binance GET https://testnet.binance.vision/api/v3/exchangeInfo
2025-12-04 18:15:51,912 [WARNING] No data fetched. Retrying...
2025-12-04 18:16:01,913 [INFO] Checking market...
2025-12-04 18:16:12,978 [ERROR] Error fetching data: binance GET https://testnet.binance.vision/api/v3/exchangeInfo
2025-12-04 18:16:12,980 [WARNING] No data fetched. Retrying...
2025-12-04 18:16:22,981 [INFO] Checking market...
2025-12-04 18:16:34,072 [ERROR] Error fetching data: binance GET https://testnet.binance.vision/api/v3/exchangeInfo
2025-12-04 18:16:34,073 [WARNING] No data fetched. Retrying...
2025-12-04 18:16:44,074 [INFO] Checking market...
2025-12-04 18:16:55,240 [ERROR] Error fetching data: binance GET https://testnet.binance.vision/api/v3/exchangeInfo
2025-12-04 18:16:55,243 [WARNING] No data fetched. Retrying...
2025-12-04 18:17:05,243 [INFO] Checking market...
2025-12-04 18:17:16,314 [ERROR] Error fetching data: binance GET https://testnet.binance.vision/api/v3/exchangeInfo
2025-12-04 18:17:16,315 [WARNING] No data fetched. Retrying...
2025-12-04 18:17:26,317 [INFO] Checking market...
2025-12-04 18:17:37,407 [ERROR] Error fetching data: binance GET https://testnet.binance.vision/api/v3/exchangeInfo
2025-12-04 18:17:37,408 [WARNING] No data fetched. Retrying...
2025-12-04 18:17:47,409 [INFO] Checking market...
2025-12-04 18:17:58,684 [ERROR] Error fetching data: binance GET https://testnet.binance.vision/api/v3/exchangeInfo
2025-12-04 18:17:58,686 [WARNING] No data fetched. Retrying...
2025-12-04 18:18:08,687 [INFO] Checking market...
2025-12-04 18:18:19,774 [ERROR] Error fetching data: binance GET https://testnet.binance.vision/api/v3/exchangeInfo
2025-12-04 18:18:19,776 [WARNING] No data fetched. Retrying...
2025-12-04 18:18:29,776 [INFO] Checking market...
2025-12-04 18:18:40,841 [ERROR] Error fetching data: binance GET https://testnet.binance.vision/api/v3/exchangeInfo
2025-12-04 18:18:40,842 [WARNING] No data fetched. Retrying...
2025-12-04 18:18:50,842 [INFO] Checking market...
2025-12-04 18:19:01,921 [ERROR] Error fetching data: binance GET https://testnet.binance.vision/api/v3/exchangeInfo
2025-12-04 18:19:01,922 [WARNING] No data fetched. Retrying...
2025-12-04 18:19:11,923 [INFO] Checking market...
2025-12-04 18:19:23,132 [ERROR] Error fetching data: binance GET https://testnet.binance.vision/api/v3/exchangeInfo
2025-12-04 18:19:23,133 [WARNING] No data fetched. Retrying...
2025-12-04 18:19:33,134 [INFO] Checking market...
2025-12-04 18:19:44,195 [ERROR] Error fetching data: binance GET https://testnet.binance.vision/api/v3/exchangeInfo
2025-12-04 18:19:44,196 [WARNING] No data fetched. Retrying...
2025-12-04 18:19:54,197 [INFO] Checking market...
2025-12-04 18:20:05,288 [ERROR] Error fetching data: binance GET https://testnet.binance.vision/api/v3/exchangeInfo
2025-12-04 18:20:05,289 [WARNING] No data fetched. Retrying...
2025-12-04 18:20:15,289 [INFO] Checking market...
2025-12-04 18:20:26,351 [ERROR] Error fetching data: binance GET https://testnet.binance.vision/api/v3/exchangeInfo
2025-12-04 18:20:26,353 [WARNING] No data fetched. Retrying...
2025-12-04 18:20:36,361 [INFO] Checking market...
2025-12-04 18:20:47,769 [ERROR] Error fetching data: binance GET https://testnet.binance.vision/api/v3/exchangeInfo
2025-12-04 18:20:47,770 [WARNING] No data fetched. Retrying...
2025-12-04 18:20:57,791 [INFO] Checking market...
2025-12-04 18:21:09,075 [ERROR] Error fetching data: binance GET https://testnet.binance.vision/api/v3/exchangeInfo
2025-12-04 18:21:09,076 [WARNING] No data fetched. Retrying...
2025-12-04 18:21:19,077 [INFO] Checking market...
2025-12-04 18:21:30,441 [ERROR] Error fetching data: binance GET https://testnet.binance.vision/api/v3/exchangeInfo
2025-12-04 18:21:30,442 [WARNING] No data fetched. Retrying...
2025-12-04 18:21:40,443 [INFO] Checking market...
2025-12-04 18:21:51,525 [ERROR] Error fetching data: binance GET https://testnet.binance.vision/api/v3/exchangeInfo
2025-12-04 18:21:51,526 [WARNING] No data fetched. Retrying...
2025-12-04 18:22:01,537 [INFO] Checking market...
2025-12-04 18:22:12,659 [ERROR] Error fetching data: binance GET https://testnet.binance.vision/api/v3/exchangeInfo
2025-12-04 18:22:12,660 [WARNING] No data fetched. Retrying...
2025-12-04 18:22:22,661 [INFO] Checking market...
2025-12-04 18:22:33,747 [ERROR] Error fetching data: binance GET https://testnet.binance.vision/api/v3/exchangeInfo
2025-12-04 18:22:33,748 [WARNING] No data fetched. Retrying...
2025-12-04 18:22:43,749 [INFO] Checking market...
2025-12-04 18:22:54,843 [ERROR] Error fetching data: binance GET https://testnet.binance.vision/api/v3/exchangeInfo
2025-12-04 18:22:54,844 [WARNING] No data fetched. Retrying...
2025-12-04 18:23:04,846 [INFO] Checking market...
2025-12-04 18:23:15,952 [ERROR] Error fetching data: binance GET https://testnet.binance.vision/api/v3/exchangeInfo
2025-12-04 18:23:15,953 [WARNING] No data fetched. Retrying...
2025-12-04 18:23:25,955 [INFO] Checking market...
2025-12-04 18:23:37,075 [ERROR] Error fetching data: binance GET https://testnet.binance.vision/api/v3/exchangeInfo
2025-12-04 18:23:37,077 [WARNING] No data fetched. Retrying...
2025-12-04 18:23:47,078 [INFO] Checking market...
2025-12-04 18:23:58,158 [ERROR] Error fetching data: binance GET https://testnet.binance.vision/api/v3/exchangeInfo
2025-12-04 18:23:58,159 [WARNING] No data fetched. Retrying...
2025-12-04 18:24:08,160 [INFO] Checking market...
2025-12-04 18:24:19,227 [ERROR] Error fetching data: binance GET https://testnet.binance.vision/api/v3/exchangeInfo
2025-12-04 18:24:19,228 [WARNING] No data fetched. Retrying...
2025-12-04 18:24:29,228 [INFO] Checking market...
2025-12-04 18:24:40,325 [ERROR] Error fetching data: binance GET https://testnet.binance.vision/api/v3/exchangeInfo
2025-12-04 18:24:40,326 [WARNING] No data fetched. Retrying...
2025-12-04 18:24:50,327 [INFO] Checking market...
2025-12-04 18:25:01,425 [ERROR] Error fetching data: binance GET https://testnet.binance.vision/api/v3/exchangeInfo
2025-12-04 18:25:01,426 [WARNING] No data fetched. Retrying...
2025-12-04 18:25:11,427 [INFO] Checking market...
2025-12-04 18:25:22,519 [ERROR] Error fetching data: binance GET https://testnet.binance.vision/api/v3/exchangeInfo
2025-12-04 18:25:22,520 [WARNING] No data fetched. Retrying...
2025-12-04 18:25:32,521 [INFO] Checking market...
2025-12-04 18:25:43,585 [ERROR] Error fetching data: binance GET https://testnet.binance.vision/api/v3/exchangeInfo
2025-12-04 18:25:43,586 [WARNING] No data fetched. Retrying...
2025-12-04 18:25:53,588 [INFO] Checking market...
2025-12-04 18:26:04,653 [ERROR] Error fetching data: binance GET https://testnet.binance.vision/api/v3/exchangeInfo
2025-12-04 18:26:04,654 [WARNING] No data fetched. Retrying...
2025-12-04 18:26:14,655 [INFO] Checking market...
2025-12-04 18:26:25,718 [ERROR] Error fetching data: binance GET https://testnet.binance.vision/api/v3/exchangeInfo
2025-12-04 18:26:25,719 [WARNING] No data fetched. Retrying...
2025-12-04 18:26:35,720 [INFO] Checking market...
2025-12-04 18:26:46,816 [ERROR] Error fetching data: binance GET https://testnet.binance.vision/api/v3/exchangeInfo
2025-12-04 18:26:46,817 [WARNING] No data fetched. Retrying...
2025-12-04 18:26:56,838 [INFO] Checking market...
2025-12-04 18:27:07,933 [ERROR] Error fetching data: binance GET https://testnet.binance.vision/api/v3/exchangeInfo
2025-12-04 18:27:07,934 [WARNING] No data fetched. Retrying...
2025-12-04 18:27:17,935 [INFO] Checking market...
2025-12-04 18:27:29,098 [ERROR] Error fetching data: binance GET https://testnet.binance.vision/api/v3/exchangeInfo
2025-12-04 18:27:29,099 [WARNING] No data fetched. Retrying...
2025-12-04 18:27:39,099 [INFO] Checking market...
2025-12-04 18:27:50,176 [ERROR] Error fetching data: binance GET https://testnet.binance.vision/api/v3/exchangeInfo
2025-12-04 18:27:50,177 [WARNING] No data fetched. Retrying...
2025-12-04 18:28:00,177 [INFO] Checking market...
2025-12-04 18:28:11,315 [ERROR] Error fetching data: binance GET https://testnet.binance.vision/api/v3/exchangeInfo
2025-12-04 18:28:11,316 [WARNING] No data fetched. Retrying...
2025-12-04 18:28:21,317 [INFO] Checking market...
2025-12-04 18:28:32,407 [ERROR] Error fetching data: binance GET https://testnet.binance.vision/api/v3/exchangeInfo
2025-12-04 18:28:32,408 [WARNING] No data fetched. Retrying...
2025-12-04 18:28:42,410 [INFO] Checking market...
2025-12-04 18:28:53,505 [ERROR] Error fetching data: binance GET https://testnet.binance.vision/api/v3/exchangeInfo
2025-12-04 18:28:53,506 [WARNING] No data fetched. Retrying...
2025-12-04 18:29:03,507 [INFO] Checking market...
2025-12-04 18:29:14,609 [ERROR] Error fetching data: binance GET https://testnet.binance.vision/api/v3/exchangeInfo
2025-12-04 18:29:14,610 [WARNING] No data fetched. Retrying...
2025-12-04 18:29:24,611 [INFO] Checking market...
2025-12-04 18:29:35,725 [ERROR] Error fetching data: binance GET https://testnet.binance.vision/api/v3/exchangeInfo
2025-12-04 18:29:35,727 [WARNING] No data fetched. Retrying...
2025-12-04 18:29:45,728 [INFO] Checking market...
2025-12-04 18:29:56,807 [ERROR] Error fetching data: binance GET https://testnet.binance.vision/api/v3/exchangeInfo
2025-12-04 18:29:56,808 [WARNING] No data fetched. Retrying...
2025-12-04 18:30:06,815 [INFO] Checking market...
2025-12-04 18:30:18,011 [ERROR] Error fetching data: binance GET https://testnet.binance.vision/api/v3/exchangeInfo
2025-12-04 18:30:18,012 [WARNING] No data fetched. Retrying...
2025-12-04 18:30:28,013 [INFO] Checking market...
2025-12-04 18:30:39,106 [ERROR] Error fetching data: binance GET https://testnet.binance.vision/api/v3/exchangeInfo
2025-12-04 18:30:39,107 [WARNING] No data fetched. Retrying...
2025-12-04 18:30:49,108 [INFO] Checking market...
2025-12-04 18:31:00,181 [ERROR] Error fetching data: binance GET https://testnet.binance.vision/api/v3/exchangeInfo
2025-12-04 18:31:00,183 [WARNING] No data fetched. Retrying...
2025-12-04 18:31:10,184 [INFO] Checking market...
2025-12-04 18:31:21,247 [ERROR] Error fetching data: binance GET https://testnet.binance.vision/api/v3/exchangeInfo
2025-12-04 18:31:21,249 [WARNING] No data fetched. Retrying...
2025-12-04 18:31:31,260 [INFO] Checking market...
2025-12-04 18:31:42,360 [ERROR] Error fetching data: binance GET https://testnet.binance.vision/api/v3/exchangeInfo
2025-12-04 18:31:42,360 [WARNING] No data fetched. Retrying...
2025-12-04 18:31:52,361 [INFO] Checking market...
2025-12-04 18:32:03,470 [ERROR] Error fetching data: binance GET https://testnet.binance.vision/api/v3/exchangeInfo
2025-12-04 18:32:03,472 [WARNING] No data fetched. Retrying...
2025-12-04 18:32:13,472 [INFO] Checking market...
2025-12-04 18:32:24,615 [ERROR] Error fetching data: binance GET https://testnet.binance.vision/api/v3/exchangeInfo
2025-12-04 18:32:24,617 [WARNING] No data fetched. Retrying...
2025-12-04 18:32:34,618 [INFO] Checking market...
2025-12-04 18:32:45,744 [ERROR] Error fetching data: binance GET https://testnet.binance.vision/api/v3/exchangeInfo
2025-12-04 18:32:45,745 [WARNING] No data fetched. Retrying...
2025-12-04 18:32:55,755 [INFO] Checking market...
2025-12-04 18:33:06,840 [ERROR] Error fetching data: binance GET https://testnet.binance.vision/api/v3/exchangeInfo
2025-12-04 18:33:06,843 [WARNING] No data fetched. Retrying...
2025-12-04 18:33:16,844 [INFO] Checking market...
2025-12-04 18:33:27,966 [ERROR] Error fetching data: binance GET https://testnet.binance.vision/api/v3/exchangeInfo
2025-12-04 18:33:27,968 [WARNING] No data fetched. Retrying...
2025-12-04 18:33:37,968 [INFO] Checking market...
2025-12-04 18:33:49,051 [ERROR] Error fetching data: binance GET https://testnet.binance.vision/api/v3/exchangeInfo
2025-12-04 18:33:49,052 [WARNING] No data fetched. Retrying...
2025-12-04 18:33:59,053 [INFO] Checking market...
2025-12-04 18:34:10,136 [ERROR] Error fetching data: binance GET https://testnet.binance.vision/api/v3/exchangeInfo
2025-12-04 18:34:10,137 [WARNING] No data fetched. Retrying...
2025-12-04 18:34:20,138 [INFO] Checking market...
2025-12-04 18:34:31,266 [ERROR] Error fetching data: binance GET https://testnet.binance.vision/api/v3/exchangeInfo
2025-12-04 18:34:31,269 [WARNING] No data fetched. Retrying...
2025-12-04 18:34:41,270 [INFO] Checking market...
2025-12-04 18:34:52,339 [ERROR] Error fetching data: binance GET https://testnet.binance.vision/api/v3/exchangeInfo
2025-12-04 18:34:52,339 [WARNING] No data fetched. Retrying...
2025-12-04 18:35:02,341 [INFO] Checking market...
2025-12-04 18:35:13,401 [ERROR] Error fetching data: binance GET https://testnet.binance.vision/api/v3/exchangeInfo
2025-12-04 18:35:13,402 [WARNING] No data fetched. Retrying...
2025-12-04 18:35:23,402 [INFO] Checking market...
2025-12-04 18:35:34,475 [ERROR] Error fetching data: binance GET https://testnet.binance.vision/api/v3/exchangeInfo
2025-12-04 18:35:34,476 [WARNING] No data fetched. Retrying...
2025-12-04 18:35:44,477 [INFO] Checking market...
2025-12-04 18:35:55,609 [ERROR] Error fetching data: binance GET https://testnet.binance.vision/api/v3/exchangeInfo
2025-12-04 18:35:55,610 [WARNING] No data fetched. Retrying...
2025-12-04 18:36:05,610 [INFO] Checking market...
2025-12-04 18:36:16,656 [ERROR] Error fetching data: binance GET https://testnet.binance.vision/api/v3/exchangeInfo
2025-12-04 18:36:16,657 [WARNING] No data fetched. Retrying...
2025-12-04 18:36:26,658 [INFO] Checking market...
2025-12-04 18:36:37,721 [ERROR] Error fetching data: binance GET https://testnet.binance.vision/api/v3/exchangeInfo
2025-12-04 18:36:37,723 [WARNING] No data fetched. Retrying...
2025-12-04 18:36:47,725 [INFO] Checking market...
2025-12-04 18:36:58,840 [ERROR] Error fetching data: binance GET https://testnet.binance.vision/api/v3/exchangeInfo
2025-12-04 18:36:58,841 [WARNING] No data fetched. Retrying...
2025-12-04 18:37:08,842 [INFO] Checking market...
2025-12-04 18:37:19,938 [ERROR] Error fetching data: binance GET https://testnet.binance.vision/api/v3/exchangeInfo
2025-12-04 18:37:19,939 [WARNING] No data fetched. Retrying...
2025-12-04 18:37:29,940 [INFO] Checking market...
2025-12-04 18:37:41,113 [ERROR] Error fetching data: binance GET https://testnet.binance.vision/api/v3/exchangeInfo
2025-12-04 18:37:41,114 [WARNING] No data fetched. Retrying...
2025-12-04 18:37:51,115 [INFO] Checking market...
2025-12-04 18:38:02,260 [ERROR] Error fetching data: binance GET https://testnet.binance.vision/api/v3/exchangeInfo
2025-12-04 18:38:02,261 [WARNING] No data fetched. Retrying...
2025-12-04 18:38:12,262 [INFO] Checking market...
2025-12-04 18:38:23,346 [ERROR] Error fetching data: binance GET https://testnet.binance.vision/api/v3/exchangeInfo
2025-12-04 18:38:23,347 [WARNING] No data fetched. Retrying...
2025-12-04 18:38:33,348 [INFO] Checking market...
2025-12-04 18:38:44,423 [ERROR] Error fetching data: binance GET https://testnet.binance.vision/api/v3/exchangeInfo
2025-12-04 18:38:44,424 [WARNING] No data fetched. Retrying...
2025-12-04 18:38:54,425 [INFO] Checking market...
2025-12-04 18:39:05,541 [ERROR] Error fetching data: binance GET https://testnet.binance.vision/api/v3/exchangeInfo
2025-12-04 18:39:05,543 [WARNING] No data fetched. Retrying...
2025-12-04 18:39:15,544 [INFO] Checking market...
2025-12-04 18:39:26,610 [ERROR] Error fetching data: binance GET https://testnet.binance.vision/api/v3/exchangeInfo
2025-12-04 18:39:26,611 [WARNING] No data fetched. Retrying...
2025-12-04 18:39:36,614 [INFO] Checking market...
2025-12-04 18:39:47,714 [ERROR] Error fetching data: binance GET https://testnet.binance.vision/api/v3/exchangeInfo
2025-12-04 18:39:47,715 [WARNING] No data fetched. Retrying...
2025-12-04 18:39:57,716 [INFO] Checking market...
2025-12-04 18:40:08,782 [ERROR] Error fetching data: binance GET https://testnet.binance.vision/api/v3/exchangeInfo
2025-12-04 18:40:08,783 [WARNING] No data fetched. Retrying...
2025-12-04 18:40:18,791 [INFO] Checking market...
2025-12-04 18:40:29,887 [ERROR] Error fetching data: binance GET https://testnet.binance.vision/api/v3/exchangeInfo
2025-12-04 18:40:29,889 [WARNING] No data fetched. Retrying...
2025-12-04 18:40:39,889 [INFO] Checking market...
2025-12-04 18:40:50,961 [ERROR] Error fetching data: binance GET https://testnet.binance.vision/api/v3/exchangeInfo
2025-12-04 18:40:50,963 [WARNING] No data fetched. Retrying...
2025-12-04 18:41:00,963 [INFO] Checking market...
2025-12-04 18:41:12,113 [ERROR] Error fetching data: binance GET https://testnet.binance.vision/api/v3/exchangeInfo
2025-12-04 18:41:12,114 [WARNING] No data fetched. Retrying...
2025-12-04 18:41:22,115 [INFO] Checking market...
2025-12-04 18:41:33,175 [ERROR] Error fetching data: binance GET https://testnet.binance.vision/api/v3/exchangeInfo
2025-12-04 18:41:33,176 [WARNING] No data fetched. Retrying...
2025-12-04 18:41:43,177 [INFO] Checking market...
2025-12-04 18:41:54,246 [ERROR] Error fetching data: binance GET https://testnet.binance.vision/api/v3/exchangeInfo
2025-12-04 18:41:54,248 [WARNING] No data fetched. Retrying...
2025-12-04 18:42:04,248 [INFO] Checking market...
2025-12-04 18:42:15,324 [ERROR] Error fetching data: binance GET https://testnet.binance.vision/api/v3/exchangeInfo
2025-12-04 18:42:15,326 [WARNING] No data fetched. Retrying...
2025-12-04 18:42:25,327 [INFO] Checking market...
2025-12-04 18:42:36,406 [ERROR] Error fetching data: binance GET https://testnet.binance.vision/api/v3/exchangeInfo
2025-12-04 18:42:36,407 [WARNING] No data fetched. Retrying...
2025-12-04 18:42:46,409 [INFO] Checking market...
2025-12-04 18:42:57,537 [ERROR] Error fetching data: binance GET https://testnet.binance.vision/api/v3/exchangeInfo
2025-12-04 18:42:57,538 [WARNING] No data fetched. Retrying...
2025-12-04 18:43:07,539 [INFO] Checking market...
2025-12-04 18:43:18,587 [ERROR] Error fetching data: binance GET https://testnet.binance.vision/api/v3/exchangeInfo
2025-12-04 18:43:18,588 [WARNING] No data fetched. Retrying...
2025-12-04 18:43:28,589 [INFO] Checking market...
2025-12-04 18:43:39,654 [ERROR] Error fetching data: binance GET https://testnet.binance.vision/api/v3/exchangeInfo
2025-12-04 18:43:39,656 [WARNING] No data fetched. Retrying...
2025-12-04 18:43:49,656 [INFO] Checking market...
2025-12-04 18:44:00,851 [ERROR] Error fetching data: binance GET https://testnet.binance.vision/api/v3/exchangeInfo
2025-12-04 18:44:00,853 [WARNING] No data fetched. Retrying...
2025-12-04 18:44:10,855 [INFO] Checking market...
2025-12-04 18:44:21,921 [ERROR] Error fetching data: binance GET https://testnet.binance.vision/api/v3/exchangeInfo
2025-12-04 18:44:21,922 [WARNING] No data fetched. Retrying...
2025-12-04 18:44:31,923 [INFO] Checking market...
2025-12-04 18:44:43,076 [ERROR] Error fetching data: binance GET https://testnet.binance.vision/api/v3/exchangeInfo
2025-12-04 18:44:43,079 [WARNING] No data fetched. Retrying...
2025-12-04 18:44:53,082 [INFO] Checking market...
2025-12-04 18:45:04,166 [ERROR] Error fetching data: binance GET https://testnet.binance.vision/api/v3/exchangeInfo
2025-12-04 18:45:04,167 [WARNING] No data fetched. Retrying...
2025-12-04 18:45:14,170 [INFO] Checking market...
2025-12-04 18:45:25,229 [ERROR] Error fetching data: binance GET https://testnet.binance.vision/api/v3/exchangeInfo
2025-12-04 18:45:25,231 [WARNING] No data fetched. Retrying...
2025-12-04 18:45:35,233 [INFO] Checking market...
2025-12-04 18:45:46,315 [ERROR] Error fetching data: binance GET https://testnet.binance.vision/api/v3/exchangeInfo
2025-12-04 18:45:46,316 [WARNING] No data fetched. Retrying...
2025-12-04 18:45:56,317 [INFO] Checking market...
2025-12-04 18:46:07,632 [ERROR] Error fetching data: binance GET https://testnet.binance.vision/api/v3/exchangeInfo
2025-12-04 18:46:07,633 [WARNING] No data fetched. Retrying...
2025-12-04 18:46:17,634 [INFO] Checking market...
2025-12-04 18:46:28,715 [ERROR] Error fetching data: binance GET https://testnet.binance.vision/api/v3/exchangeInfo
2025-12-04 18:46:28,717 [WARNING] No data fetched. Retrying...
2025-12-04 18:46:38,718 [INFO] Checking market...
2025-12-04 18:46:49,779 [ERROR] Error fetching data: binance GET https://testnet.binance.vision/api/v3/exchangeInfo
2025-12-04 18:46:49,780 [WARNING] No data fetched. Retrying...
2025-12-04 18:46:59,780 [INFO] Checking market...
2025-12-04 18:47:10,944 [ERROR] Error fetching data: binance GET https://testnet.binance.vision/api/v3/exchangeInfo
2025-12-04 18:47:10,945 [WARNING] No data fetched. Retrying...
2025-12-04 18:47:20,946 [INFO] Checking market...
2025-12-04 18:47:32,009 [ERROR] Error fetching data: binance GET https://testnet.binance.vision/api/v3/exchangeInfo
2025-12-04 18:47:32,011 [WARNING] No data fetched. Retrying...
2025-12-04 18:47:42,012 [INFO] Checking market...
2025-12-04 18:47:53,091 [ERROR] Error fetching data: binance GET https://testnet.binance.vision/api/v3/exchangeInfo
2025-12-04 18:47:53,092 [WARNING] No data fetched. Retrying...
2025-12-04 18:48:03,093 [INFO] Checking market...
2025-12-04 18:48:14,160 [ERROR] Error fetching data: binance GET https://testnet.binance.vision/api/v3/exchangeInfo
2025-12-04 18:48:14,162 [WARNING] No data fetched. Retrying...
2025-12-04 18:48:24,180 [INFO] Checking market...
2025-12-04 18:48:35,255 [ERROR] Error fetching data: binance GET https://testnet.binance.vision/api/v3/exchangeInfo
2025-12-04 18:48:35,257 [WARNING] No data fetched. Retrying...
2025-12-04 18:48:45,258 [INFO] Checking market...
2025-12-04 18:48:56,321 [ERROR] Error fetching data: binance GET https://testnet.binance.vision/api/v3/exchangeInfo
2025-12-04 18:48:56,323 [WARNING] No data fetched. Retrying...
2025-12-04 18:49:06,323 [INFO] Checking market...
2025-12-04 18:49:17,404 [ERROR] Error fetching data: binance GET https://testnet.binance.vision/api/v3/exchangeInfo
2025-12-04 18:49:17,406 [WARNING] No data fetched. Retrying...
2025-12-04 18:49:27,407 [INFO] Checking market...
2025-12-04 18:49:38,469 [ERROR] Error fetching data: binance GET https://testnet.binance.vision/api/v3/exchangeInfo
2025-12-04 18:49:38,470 [WARNING] No data fetched. Retrying...
2025-12-04 18:49:48,471 [INFO] Checking market...
2025-12-04 18:49:59,551 [ERROR] Error fetching data: binance GET https://testnet.binance.vision/api/v3/exchangeInfo
2025-12-04 18:49:59,553 [WARNING] No data fetched. Retrying...
2025-12-04 18:50:09,553 [INFO] Checking market...
2025-12-04 18:50:20,635 [ERROR] Error fetching data: binance GET https://testnet.binance.vision/api/v3/exchangeInfo
2025-12-04 18:50:20,636 [WARNING] No data fetched. Retrying...
2025-12-04 18:50:30,637 [INFO] Checking market...
2025-12-04 18:50:41,733 [ERROR] Error fetching data: binance GET https://testnet.binance.vision/api/v3/exchangeInfo
2025-12-04 18:50:41,734 [WARNING] No data fetched. Retrying...
2025-12-04 18:50:51,734 [INFO] Checking market...
2025-12-04 18:51:02,790 [ERROR] Error fetching data: binance GET https://testnet.binance.vision/api/v3/exchangeInfo
2025-12-04 18:51:02,791 [WARNING] No data fetched. Retrying...
2025-12-04 18:51:12,792 [INFO] Checking market...
2025-12-04 18:51:23,864 [ERROR] Error fetching data: binance GET https://testnet.binance.vision/api/v3/exchangeInfo
2025-12-04 18:51:23,865 [WARNING] No data fetched. Retrying...
2025-12-04 18:51:33,866 [INFO] Checking market...
2025-12-04 18:51:44,944 [ERROR] Error fetching data: binance GET https://testnet.binance.vision/api/v3/exchangeInfo
2025-12-04 18:51:44,947 [WARNING] No data fetched. Retrying...
2025-12-04 18:51:54,947 [INFO] Checking market...
2025-12-04 18:52:06,001 [ERROR] Error fetching data: binance GET https://testnet.binance.vision/api/v3/exchangeInfo
2025-12-04 18:52:06,002 [WARNING] No data fetched. Retrying...
2025-12-04 18:52:16,002 [INFO] Checking market...
2025-12-04 18:52:27,096 [ERROR] Error fetching data: binance GET https://testnet.binance.vision/api/v3/exchangeInfo
2025-12-04 18:52:27,097 [WARNING] No data fetched. Retrying...
2025-12-04 18:52:37,098 [INFO] Checking market...
2025-12-04 18:52:48,161 [ERROR] Error fetching data: binance GET https://testnet.binance.vision/api/v3/exchangeInfo
2025-12-04 18:52:48,162 [WARNING] No data fetched. Retrying...
2025-12-04 18:52:58,163 [INFO] Checking market...
2025-12-04 18:53:09,260 [ERROR] Error fetching data: binance GET https://testnet.binance.vision/api/v3/exchangeInfo
2025-12-04 18:53:09,261 [WARNING] No data fetched. Retrying...
2025-12-04 18:53:19,262 [INFO] Checking market...
2025-12-04 18:53:30,325 [ERROR] Error fetching data: binance GET https://testnet.binance.vision/api/v3/exchangeInfo
2025-12-04 18:53:30,326 [WARNING] No data fetched. Retrying...
2025-12-04 18:53:40,327 [INFO] Checking market...
2025-12-04 18:53:51,391 [ERROR] Error fetching data: binance GET https://testnet.binance.vision/api/v3/exchangeInfo
2025-12-04 18:53:51,392 [WARNING] No data fetched. Retrying...
2025-12-04 18:54:01,393 [INFO] Checking market...
2025-12-04 18:54:12,490 [ERROR] Error fetching data: binance GET https://testnet.binance.vision/api/v3/exchangeInfo
2025-12-04 18:54:12,491 [WARNING] No data fetched. Retrying...
2025-12-04 18:54:22,492 [INFO] Checking market...
2025-12-04 18:54:33,572 [ERROR] Error fetching data: binance GET https://testnet.binance.vision/api/v3/exchangeInfo
2025-12-04 18:54:33,573 [WARNING] No data fetched. Retrying...
2025-12-04 18:54:43,574 [INFO] Checking market...
2025-12-04 18:54:54,641 [ERROR] Error fetching data: binance GET https://testnet.binance.vision/api/v3/exchangeInfo
2025-12-04 18:54:54,644 [WARNING] No data fetched. Retrying...
2025-12-04 18:55:04,645 [INFO] Checking market...
2025-12-04 18:55:15,741 [ERROR] Error fetching data: binance GET https://testnet.binance.vision/api/v3/exchangeInfo
2025-12-04 18:55:15,742 [WARNING] No data fetched. Retrying...
2025-12-04 18:55:25,743 [INFO] Checking market...
2025-12-04 18:55:36,859 [ERROR] Error fetching data: binance GET https://testnet.binance.vision/api/v3/exchangeInfo
2025-12-04 18:55:36,860 [WARNING] No data fetched. Retrying...
2025-12-04 18:55:46,861 [INFO] Checking market...
2025-12-04 18:55:57,951 [ERROR] Error fetching data: binance GET https://testnet.binance.vision/api/v3/exchangeInfo
2025-12-04 18:55:57,952 [WARNING] No data fetched. Retrying...
2025-12-04 18:56:07,953 [INFO] Checking market...
2025-12-04 18:56:19,018 [ERROR] Error fetching data: binance GET https://testnet.binance.vision/api/v3/exchangeInfo
2025-12-04 18:56:19,020 [WARNING] No data fetched. Retrying...
2025-12-04 18:56:29,020 [INFO] Checking market...
2025-12-04 18:56:40,117 [ERROR] Error fetching data: binance GET https://testnet.binance.vision/api/v3/exchangeInfo
2025-12-04 18:56:40,118 [WARNING] No data fetched. Retrying...
2025-12-04 18:56:50,119 [INFO] Checking market...
2025-12-04 18:57:01,214 [ERROR] Error fetching data: binance GET https://testnet.binance.vision/api/v3/exchangeInfo
2025-12-04 18:57:01,216 [WARNING] No data fetched. Retrying...
2025-12-04 18:57:11,216 [INFO] Checking market...
2025-12-04 18:57:22,315 [ERROR] Error fetching data: binance GET https://testnet.binance.vision/api/v3/exchangeInfo
2025-12-04 18:57:22,316 [WARNING] No data fetched. Retrying...
2025-12-04 18:57:32,317 [INFO] Checking market...
2025-12-04 18:57:43,398 [ERROR] Error fetching data: binance GET https://testnet.binance.vision/api/v3/exchangeInfo
2025-12-04 18:57:43,399 [WARNING] No data fetched. Retrying...
2025-12-04 18:57:53,400 [INFO] Checking market...
2025-12-04 18:58:04,496 [ERROR] Error fetching data: binance GET https://testnet.binance.vision/api/v3/exchangeInfo
2025-12-04 18:58:04,497 [WARNING] No data fetched. Retrying...
2025-12-04 18:58:14,498 [INFO] Checking market...
2025-12-04 18:58:25,535 [ERROR] Error fetching data: binance GET https://testnet.binance.vision/api/v3/exchangeInfo
2025-12-04 18:58:25,536 [WARNING] No data fetched. Retrying...
2025-12-04 18:58:35,537 [INFO] Checking market...
2025-12-04 18:58:46,628 [ERROR] Error fetching data: binance GET https://testnet.binance.vision/api/v3/exchangeInfo
2025-12-04 18:58:46,629 [WARNING] No data fetched. Retrying...
2025-12-04 18:58:56,630 [INFO] Checking market...
2025-12-04 18:59:07,711 [ERROR] Error fetching data: binance GET https://testnet.binance.vision/api/v3/exchangeInfo
2025-12-04 18:59:07,712 [WARNING] No data fetched. Retrying...
2025-12-04 18:59:17,713 [INFO] Checking market...
2025-12-04 18:59:28,777 [ERROR] Error fetching data: binance GET https://testnet.binance.vision/api/v3/exchangeInfo
2025-12-04 18:59:28,778 [WARNING] No data fetched. Retrying...
2025-12-04 18:59:38,778 [INFO] Checking market...
2025-12-04 18:59:49,857 [ERROR] Error fetching data: binance GET https://testnet.binance.vision/api/v3/exchangeInfo
2025-12-04 18:59:49,858 [WARNING] No data fetched. Retrying...
2025-12-04 18:59:59,859 [INFO] Checking market...
2025-12-04 19:00:10,925 [ERROR] Error fetching data: binance GET https://testnet.binance.vision/api/v3/exchangeInfo
2025-12-04 19:00:10,926 [WARNING] No data fetched. Retrying...
2025-12-04 19:00:20,927 [INFO] Checking market...
2025-12-04 19:00:31,989 [ERROR] Error fetching data: binance GET https://testnet.binance.vision/api/v3/exchangeInfo
2025-12-04 19:00:31,990 [WARNING] No data fetched. Retrying...
2025-12-04 19:00:41,991 [INFO] Checking market...
2025-12-04 19:00:53,072 [ERROR] Error fetching data: binance GET https://testnet.binance.vision/api/v3/exchangeInfo
2025-12-04 19:00:53,073 [WARNING] No data fetched. Retrying...
2025-12-04 19:01:03,073 [INFO] Checking market...
2025-12-04 19:01:14,155 [ERROR] Error fetching data: binance GET https://testnet.binance.vision/api/v3/exchangeInfo
2025-12-04 19:01:14,156 [WARNING] No data fetched. Retrying...
2025-12-04 19:01:24,158 [INFO] Checking market...
2025-12-04 19:01:35,234 [ERROR] Error fetching data: binance GET https://testnet.binance.vision/api/v3/exchangeInfo
2025-12-04 19:01:35,237 [WARNING] No data fetched. Retrying...
2025-12-04 19:01:45,238 [INFO] Checking market...
2025-12-04 19:01:56,319 [ERROR] Error fetching data: binance GET https://testnet.binance.vision/api/v3/exchangeInfo
2025-12-04 19:01:56,320 [WARNING] No data fetched. Retrying...
2025-12-04 19:02:06,321 [INFO] Checking market...
2025-12-04 19:02:17,385 [ERROR] Error fetching data: binance GET https://testnet.binance.vision/api/v3/exchangeInfo
2025-12-04 19:02:17,386 [WARNING] No data fetched. Retrying...
2025-12-04 19:02:27,386 [INFO] Checking market...
2025-12-04 19:02:38,454 [ERROR] Error fetching data: binance GET https://testnet.binance.vision/api/v3/exchangeInfo
2025-12-04 19:02:38,455 [WARNING] No data fetched. Retrying...
2025-12-04 19:02:48,456 [INFO] Checking market...
2025-12-04 19:02:59,537 [ERROR] Error fetching data: binance GET https://testnet.binance.vision/api/v3/exchangeInfo
2025-12-04 19:02:59,538 [WARNING] No data fetched. Retrying...
2025-12-04 19:03:09,539 [INFO] Checking market...
2025-12-04 19:03:20,632 [ERROR] Error fetching data: binance GET https://testnet.binance.vision/api/v3/exchangeInfo
2025-12-04 19:03:20,634 [WARNING] No data fetched. Retrying...
2025-12-04 19:03:30,636 [INFO] Checking market...
2025-12-04 19:03:41,714 [ERROR] Error fetching data: binance GET https://testnet.binance.vision/api/v3/exchangeInfo
2025-12-04 19:03:41,715 [WARNING] No data fetched. Retrying...
2025-12-04 19:03:51,715 [INFO] Checking market...
2025-12-04 19:04:02,813 [ERROR] Error fetching data: binance GET https://testnet.binance.vision/api/v3/exchangeInfo
2025-12-04 19:04:02,815 [WARNING] No data fetched. Retrying...
2025-12-04 19:04:12,815 [INFO] Checking market...
2025-12-04 19:04:23,879 [ERROR] Error fetching data: binance GET https://testnet.binance.vision/api/v3/exchangeInfo
2025-12-04 19:04:23,880 [WARNING] No data fetched. Retrying...
2025-12-04 19:04:33,880 [INFO] Checking market...
2025-12-04 19:04:44,957 [ERROR] Error fetching data: binance GET https://testnet.binance.vision/api/v3/exchangeInfo
2025-12-04 19:04:44,960 [WARNING] No data fetched. Retrying...
2025-12-04 19:04:54,960 [INFO] Checking market...
2025-12-04 19:05:06,043 [ERROR] Error fetching data: binance GET https://testnet.binance.vision/api/v3/exchangeInfo
2025-12-04 19:05:06,046 [WARNING] No data fetched. Retrying...
2025-12-04 19:05:16,046 [INFO] Checking market...
2025-12-04 19:05:27,126 [ERROR] Error fetching data: binance GET https://testnet.binance.vision/api/v3/exchangeInfo
2025-12-04 19:05:27,127 [WARNING] No data fetched. Retrying...
2025-12-04 19:05:37,128 [INFO] Checking market...
2025-12-04 19:05:48,205 [ERROR] Error fetching data: binance GET https://testnet.binance.vision/api/v3/exchangeInfo
2025-12-04 19:05:48,208 [WARNING] No data fetched. Retrying...
2025-12-04 19:05:58,208 [INFO] Checking market...
2025-12-04 19:06:09,254 [ERROR] Error fetching data: binance GET https://testnet.binance.vision/api/v3/exchangeInfo
2025-12-04 19:06:09,257 [WARNING] No data fetched. Retrying...
2025-12-04 19:06:19,258 [INFO] Checking market...
2025-12-04 19:06:30,340 [ERROR] Error fetching data: binance GET https://testnet.binance.vision/api/v3/exchangeInfo
2025-12-04 19:06:30,341 [WARNING] No data fetched. Retrying...
2025-12-04 19:06:40,342 [INFO] Checking market...
2025-12-04 19:06:51,422 [ERROR] Error fetching data: binance GET https://testnet.binance.vision/api/v3/exchangeInfo
2025-12-04 19:06:51,423 [WARNING] No data fetched. Retrying...
2025-12-04 19:07:01,424 [INFO] Checking market...
2025-12-04 19:07:12,505 [ERROR] Error fetching data: binance GET https://testnet.binance.vision/api/v3/exchangeInfo
2025-12-04 19:07:12,506 [WARNING] No data fetched. Retrying...
2025-12-04 19:07:22,506 [INFO] Checking market...
2025-12-04 19:07:33,553 [ERROR] Error fetching data: binance GET https://testnet.binance.vision/api/v3/exchangeInfo
2025-12-04 19:07:33,555 [WARNING] No data fetched. Retrying...
2025-12-04 19:07:43,555 [INFO] Checking market...
2025-12-04 19:07:54,608 [ERROR] Error fetching data: binance GET https://testnet.binance.vision/api/v3/exchangeInfo
2025-12-04 19:07:54,609 [WARNING] No data fetched. Retrying...
2025-12-04 19:08:04,610 [INFO] Checking market...
2025-12-04 19:08:15,685 [ERROR] Error fetching data: binance GET https://testnet.binance.vision/api/v3/exchangeInfo
2025-12-04 19:08:15,687 [WARNING] No data fetched. Retrying...
2025-12-04 19:08:25,687 [INFO] Checking market...
2025-12-04 19:08:36,784 [ERROR] Error fetching data: binance GET https://testnet.binance.vision/api/v3/exchangeInfo
2025-12-04 19:08:36,785 [WARNING] No data fetched. Retrying...
2025-12-04 19:08:46,785 [INFO] Checking market...
2025-12-04 19:08:57,867 [ERROR] Error fetching data: binance GET https://testnet.binance.vision/api/v3/exchangeInfo
2025-12-04 19:08:57,868 [WARNING] No data fetched. Retrying...
2025-12-04 19:09:07,869 [INFO] Checking market...
2025-12-04 19:09:18,949 [ERROR] Error fetching data: binance GET https://testnet.binance.vision/api/v3/exchangeInfo
2025-12-04 19:09:18,950 [WARNING] No data fetched. Retrying...
2025-12-04 19:09:28,951 [INFO] Checking market...
2025-12-04 19:09:40,040 [ERROR] Error fetching data: binance GET https://testnet.binance.vision/api/v3/exchangeInfo
2025-12-04 19:09:40,041 [WARNING] No data fetched. Retrying...
2025-12-04 19:09:50,041 [INFO] Checking market...
2025-12-04 19:10:01,113 [ERROR] Error fetching data: binance GET https://testnet.binance.vision/api/v3/exchangeInfo
2025-12-04 19:10:01,114 [WARNING] No data fetched. Retrying...
2025-12-04 19:10:11,115 [INFO] Checking market...
2025-12-04 19:10:22,189 [ERROR] Error fetching data: binance GET https://testnet.binance.vision/api/v3/exchangeInfo
2025-12-04 19:10:22,190 [WARNING] No data fetched. Retrying...
2025-12-04 19:10:32,192 [INFO] Checking market...
2025-12-04 19:10:43,272 [ERROR] Error fetching data: binance GET https://testnet.binance.vision/api/v3/exchangeInfo
2025-12-04 19:10:43,274 [WARNING] No data fetched. Retrying...
2025-12-04 19:10:53,275 [INFO] Checking market...
2025-12-04 19:11:04,368 [ERROR] Error fetching data: binance GET https://testnet.binance.vision/api/v3/exchangeInfo
2025-12-04 19:11:04,369 [WARNING] No data fetched. Retrying...
2025-12-04 19:11:14,370 [INFO] Checking market...
2025-12-04 19:11:25,434 [ERROR] Error fetching data: binance GET https://testnet.binance.vision/api/v3/exchangeInfo
2025-12-04 19:11:25,436 [WARNING] No data fetched. Retrying...
2025-12-04 19:11:35,437 [INFO] Checking market...
2025-12-04 19:11:46,508 [ERROR] Error fetching data: binance GET https://testnet.binance.vision/api/v3/exchangeInfo
2025-12-04 19:11:46,509 [WARNING] No data fetched. Retrying...
2025-12-04 19:11:56,510 [INFO] Checking market...
2025-12-04 19:12:07,567 [ERROR] Error fetching data: binance GET https://testnet.binance.vision/api/v3/exchangeInfo
2025-12-04 19:12:07,568 [WARNING] No data fetched. Retrying...
2025-12-04 19:12:17,569 [INFO] Checking market...
2025-12-04 19:12:28,652 [ERROR] Error fetching data: binance GET https://testnet.binance.vision/api/v3/exchangeInfo
2025-12-04 19:12:28,654 [WARNING] No data fetched. Retrying...
2025-12-04 19:12:38,656 [INFO] Checking market...
2025-12-04 19:12:49,731 [ERROR] Error fetching data: binance GET https://testnet.binance.vision/api/v3/exchangeInfo
2025-12-04 19:12:49,732 [WARNING] No data fetched. Retrying...
2025-12-04 19:12:59,741 [INFO] Checking market...
2025-12-04 19:13:10,810 [ERROR] Error fetching data: binance GET https://testnet.binance.vision/api/v3/exchangeInfo
2025-12-04 19:13:10,812 [WARNING] No data fetched. Retrying...
2025-12-04 19:13:20,813 [INFO] Checking market...
2025-12-04 19:13:31,877 [ERROR] Error fetching data: binance GET https://testnet.binance.vision/api/v3/exchangeInfo
2025-12-04 19:13:31,879 [WARNING] No data fetched. Retrying...
2025-12-04 19:13:41,880 [INFO] Checking market...
2025-12-04 19:13:52,953 [ERROR] Error fetching data: binance GET https://testnet.binance.vision/api/v3/exchangeInfo
2025-12-04 19:13:52,954 [WARNING] No data fetched. Retrying...
2025-12-04 19:14:02,955 [INFO] Checking market...
2025-12-04 19:14:14,027 [ERROR] Error fetching data: binance GET https://testnet.binance.vision/api/v3/exchangeInfo
2025-12-04 19:14:14,029 [WARNING] No data fetched. Retrying...
2025-12-04 19:14:24,029 [INFO] Checking market...
2025-12-04 19:14:35,086 [ERROR] Error fetching data: binance GET https://testnet.binance.vision/api/v3/exchangeInfo
2025-12-04 19:14:35,087 [WARNING] No data fetched. Retrying...
2025-12-04 19:14:45,088 [INFO] Checking market...
2025-12-04 19:14:56,190 [ERROR] Error fetching data: binance GET https://testnet.binance.vision/api/v3/exchangeInfo
2025-12-04 19:14:56,192 [WARNING] No data fetched. Retrying...
2025-12-04 19:15:06,192 [INFO] Checking market...
2025-12-04 19:15:17,261 [ERROR] Error fetching data: binance GET https://testnet.binance.vision/api/v3/exchangeInfo
2025-12-04 19:15:17,265 [WARNING] No data fetched. Retrying...
2025-12-04 19:15:27,266 [INFO] Checking market...
2025-12-04 19:15:38,355 [ERROR] Error fetching data: binance GET https://testnet.binance.vision/api/v3/exchangeInfo
2025-12-04 19:15:38,357 [WARNING] No data fetched. Retrying...
2025-12-04 19:15:48,358 [INFO] Checking market...
2025-12-04 19:15:59,435 [ERROR] Error fetching data: binance GET https://testnet.binance.vision/api/v3/exchangeInfo
2025-12-04 19:15:59,436 [WARNING] No data fetched. Retrying...
2025-12-04 19:16:09,438 [INFO] Checking market...
2025-12-04 19:16:20,532 [ERROR] Error fetching data: binance GET https://testnet.binance.vision/api/v3/exchangeInfo
2025-12-04 19:16:20,533 [WARNING] No data fetched. Retrying...
2025-12-04 19:16:30,534 [INFO] Checking market...
2025-12-04 19:16:41,622 [ERROR] Error fetching data: binance GET https://testnet.binance.vision/api/v3/exchangeInfo
2025-12-04 19:16:41,623 [WARNING] No data fetched. Retrying...
2025-12-04 19:16:51,624 [INFO] Checking market...
2025-12-04 19:17:02,693 [ERROR] Error fetching data: binance GET https://testnet.binance.vision/api/v3/exchangeInfo
2025-12-04 19:17:02,694 [WARNING] No data fetched. Retrying...
2025-12-04 19:17:12,695 [INFO] Checking market...
2025-12-04 19:17:23,755 [ERROR] Error fetching data: binance GET https://testnet.binance.vision/api/v3/exchangeInfo
2025-12-04 19:17:23,755 [WARNING] No data fetched. Retrying...
2025-12-04 19:17:33,763 [INFO] Checking market...
2025-12-04 19:17:44,833 [ERROR] Error fetching data: binance GET https://testnet.binance.vision/api/v3/exchangeInfo
2025-12-04 19:17:44,835 [WARNING] No data fetched. Retrying...
2025-12-04 19:17:54,836 [INFO] Checking market...
2025-12-04 19:18:05,880 [ERROR] Error fetching data: binance GET https://testnet.binance.vision/api/v3/exchangeInfo
2025-12-04 19:18:05,881 [WARNING] No data fetched. Retrying...
2025-12-04 19:18:15,882 [INFO] Checking market...
2025-12-04 19:18:26,947 [ERROR] Error fetching data: binance GET https://testnet.binance.vision/api/v3/exchangeInfo
2025-12-04 19:18:26,949 [WARNING] No data fetched. Retrying...
2025-12-04 19:18:36,950 [INFO] Checking market...
2025-12-04 19:18:48,018 [ERROR] Error fetching data: binance GET https://testnet.binance.vision/api/v3/exchangeInfo
2025-12-04 19:18:48,019 [WARNING] No data fetched. Retrying...
2025-12-04 19:18:58,019 [INFO] Checking market...
2025-12-04 19:19:09,104 [ERROR] Error fetching data: binance GET https://testnet.binance.vision/api/v3/exchangeInfo
2025-12-04 19:19:09,106 [WARNING] No data fetched. Retrying...
2025-12-04 19:19:19,107 [INFO] Checking market...
2025-12-04 19:19:30,162 [ERROR] Error fetching data: binance GET https://testnet.binance.vision/api/v3/exchangeInfo
2025-12-04 19:19:30,162 [WARNING] No data fetched. Retrying...
2025-12-04 19:19:40,164 [INFO] Checking market...
